Log file open, 03/15/21 15:35:10
LogInit: Display: Running engine for game: rooftops
LogPlatformFile: Not using cached read wrapper
LogTaskGraph: Started task graph with 5 named threads and 23 total threads with 3 sets of task threads.
LogStats: Stats thread started at 0.766690
LogD3D11RHI: Loaded GFSDK_Aftermath_Lib.x64.dll
LogICUInternationalization: ICU TimeZone Detection - Raw Offset: -5:00, Platform Override: ''
LogPluginManager: Mounting plugin Paper2D
LogPluginManager: Mounting plugin AISupport
LogPluginManager: Mounting plugin LightPropagationVolume
LogPluginManager: Mounting plugin CameraShakePreviewer
LogPluginManager: Mounting plugin ActorLayerUtilities
LogPluginManager: Mounting plugin AnimationSharing
LogPluginManager: Mounting plugin CLionSourceCodeAccess
LogPluginManager: Mounting plugin CodeLiteSourceCodeAccess
LogPluginManager: Mounting plugin GitSourceControl
LogPluginManager: Mounting plugin KDevelopSourceCodeAccess
LogPluginManager: Mounting plugin NullSourceCodeAccess
LogPluginManager: Mounting plugin PerforceSourceControl
LogPluginManager: Mounting plugin PlasticSourceControl
LogPluginManager: Mounting plugin RiderSourceCodeAccess
LogPluginManager: Mounting plugin SubversionSourceControl
LogPluginManager: Mounting plugin UObjectPlugin
LogPluginManager: Mounting plugin VisualStudioCodeSourceCodeAccess
LogPluginManager: Mounting plugin VisualStudioSourceCodeAccess
LogPluginManager: Mounting plugin XCodeSourceCodeAccess
LogPluginManager: Mounting plugin AssetManagerEditor
LogPluginManager: Mounting plugin CryptoKeys
LogPluginManager: Mounting plugin CurveEditorTools
LogPluginManager: Mounting plugin DataValidation
LogPluginManager: Mounting plugin EditorScriptingUtilities
LogPluginManager: Mounting plugin FacialAnimation
LogPluginManager: Mounting plugin GameplayTagsEditor
LogPluginManager: Mounting plugin GeometryMode
LogPluginManager: Mounting plugin MacGraphicsSwitching
LogPluginManager: Mounting plugin MaterialAnalyzer
LogPluginManager: Mounting plugin MobileLauncherProfileWizard
LogPluginManager: Mounting plugin PluginBrowser
LogPluginManager: Mounting plugin SpeedTreeImporter
LogPluginManager: Mounting plugin DatasmithContent
LogPluginManager: Mounting plugin VariantManagerContent
LogPluginManager: Mounting plugin AlembicImporter
LogPluginManager: Mounting plugin AutomationUtils
LogPluginManager: Mounting plugin BackChannel
LogPluginManager: Mounting plugin ChaosCloth
LogPluginManager: Mounting plugin ChaosClothEditor
LogPluginManager: Mounting plugin ChaosEditor
LogPluginManager: Mounting plugin ChaosNiagara
LogPluginManager: Mounting plugin ChaosSolverPlugin
LogPluginManager: Mounting plugin CharacterAI
LogPluginManager: Mounting plugin GeometryCache
LogPluginManager: Mounting plugin GeometryCollectionPlugin
LogPluginManager: Mounting plugin GeometryProcessing
LogPluginManager: Mounting plugin PlanarCut
LogPluginManager: Mounting plugin PlatformCrypto
LogPluginManager: Mounting plugin ProxyLODPlugin
LogPluginManager: Mounting plugin SkeletalReduction
LogPluginManager: Mounting plugin Niagara
LogPluginManager: Mounting plugin MagicLeap
LogPluginManager: Mounting plugin MagicLeapLightEstimation
LogPluginManager: Mounting plugin MagicLeapMedia
LogPluginManager: Mounting plugin MagicLeapPassableWorld
LogPluginManager: Mounting plugin MLSDK
LogPluginManager: Mounting plugin AndroidMedia
LogPluginManager: Mounting plugin AvfMedia
LogPluginManager: Mounting plugin ImgMedia
LogPluginManager: Mounting plugin MediaCompositing
LogPluginManager: Mounting plugin MediaPlayerEditor
LogPluginManager: Mounting plugin WebMMedia
LogPluginManager: Mounting plugin WmfMedia
LogPluginManager: Mounting plugin MeshPainting
LogPluginManager: Mounting plugin TcpMessaging
LogPluginManager: Mounting plugin UdpMessaging
LogPluginManager: Mounting plugin ActorSequence
LogPluginManager: Mounting plugin LevelSequenceEditor
LogPluginManager: Mounting plugin MatineeToLevelSequence
LogPluginManager: Mounting plugin MovieRenderPipeline
LogPluginManager: Mounting plugin TemplateSequence
LogPluginManager: Mounting plugin NetcodeUnitTest
LogPluginManager: Mounting plugin NUTUnrealEngine4
LogPluginManager: Mounting plugin OnlineSubsystemGooglePlay
LogPluginManager: Mounting plugin OnlineSubsystemIOS
LogPluginManager: Mounting plugin OnlineSubsystem
LogPluginManager: Mounting plugin OnlineSubsystemNull
LogPluginManager: Mounting plugin OnlineSubsystemUtils
LogPluginManager: Mounting plugin LauncherChunkInstaller
LogPluginManager: Mounting plugin AndroidDeviceProfileSelector
LogPluginManager: Mounting plugin AndroidMoviePlayer
LogPluginManager: Mounting plugin AndroidPermission
LogPluginManager: Mounting plugin AppleImageUtils
LogPluginManager: Mounting plugin AppleMoviePlayer
LogPluginManager: Mounting plugin ArchVisCharacter
LogPluginManager: Mounting plugin AssetTags
LogPluginManager: Mounting plugin AudioCapture
LogPluginManager: Mounting plugin CableComponent
LogPluginManager: Mounting plugin CustomMeshComponent
LogPluginManager: Mounting plugin EditableMesh
LogPluginManager: Mounting plugin ExampleDeviceProfileSelector
LogPluginManager: Mounting plugin GoogleCloudMessaging
LogPluginManager: Mounting plugin GooglePAD
LogPluginManager: Mounting plugin IOSDeviceProfileSelector
LogPluginManager: Mounting plugin LinuxDeviceProfileSelector
LogPluginManager: Mounting plugin LocationServicesBPLibrary
LogPluginManager: Mounting plugin MobilePatchingUtils
LogPluginManager: Mounting plugin OculusVR
LogPluginManager: Mounting plugin PhysXVehicles
LogPluginManager: Mounting plugin PostSplashScreen
LogPluginManager: Mounting plugin ProceduralMeshComponent
LogPluginManager: Mounting plugin RuntimePhysXCooking
LogPluginManager: Mounting plugin SignificanceManager
LogPluginManager: Mounting plugin SoundFields
LogPluginManager: Mounting plugin SteamVR
LogPluginManager: Mounting plugin Synthesis
LogPluginManager: Mounting plugin WebMMoviePlayer
LogPluginManager: Mounting plugin WindowsMoviePlayer
LogPluginManager: Mounting plugin ScreenshotTools
LogInit: Using libcurl 7.55.1-DEV
LogInit:  - built for x86_64-pc-win32
LogInit:  - supports SSL with OpenSSL/1.1.1
LogInit:  - supports HTTP deflate (compression) using libz 1.2.8
LogInit:  - other features:
LogInit:      CURL_VERSION_SSL
LogInit:      CURL_VERSION_LIBZ
LogInit:      CURL_VERSION_IPV6
LogInit:      CURL_VERSION_ASYNCHDNS
LogInit:      CURL_VERSION_LARGEFILE
LogInit:      CURL_VERSION_IDN
LogInit:  CurlRequestOptions (configurable via config and command line):
LogInit:  - bVerifyPeer = true  - Libcurl will verify peer certificate
LogInit:  - bUseHttpProxy = false  - Libcurl will NOT use HTTP proxy
LogInit:  - bDontReuseConnections = false  - Libcurl will reuse connections
LogInit:  - MaxHostConnections = 16  - Libcurl will limit the number of connections to a host
LogInit:  - LocalHostAddr = Default
LogInit:  - BufferSize = 65536
LogOnline: OSS: Creating online subsystem instance for: NULL
LogInit: WinSock: version 1.1 (2.2), MaxSocks=32767, MaxUdp=65467
LogOnline: OSS: TryLoadSubsystemAndSetDefault: Loaded subsystem for module [NULL]
LogInit: Build: ++UE4+Release-4.25-CL-13942748
LogInit: Engine Version: 4.25.3-13942748+++UE4+Release-4.25
LogInit: Compatible Engine Version: 4.25.0-13144385+++UE4+Release-4.25
LogInit: Net CL: 13144385
LogInit: OS: Windows 10 (Release 1909) (), CPU: Intel(R) Core(TM) i7-7700 CPU @ 3.60GHz, GPU: NVIDIA GeForce GTX 1070
LogInit: Compiled (64-bit): Jul 25 2020 02:07:48
LogInit: Compiled with Visual C++: 19.24.28315.00
LogInit: Build Configuration: Development
LogInit: Branch Name: ++UE4+Release-4.25
LogInit: Command Line: 
LogInit: Base Directory: C:/Program Files/Epic Games/UE_4.25/Engine/Binaries/Win64/
LogInit: Allocator: TBB
LogInit: Installed Engine Build: 1
LogDevObjectVersion: Number of dev versions registered: 26
LogDevObjectVersion:   Dev-Blueprints (B0D832E4-1F89-4F0D-ACCF-7EB736FD4AA2): 10
LogDevObjectVersion:   Dev-Build (E1C64328-A22C-4D53-A36C-8E866417BD8C): 0
LogDevObjectVersion:   Dev-Core (375EC13C-06E4-48FB-B500-84F0262A717E): 4
LogDevObjectVersion:   Dev-Editor (E4B068ED-F494-42E9-A231-DA0B2E46BB41): 38
LogDevObjectVersion:   Dev-Framework (CFFC743F-43B0-4480-9391-14DF171D2073): 37
LogDevObjectVersion:   Dev-Mobile (B02B49B5-BB20-44E9-A304-32B752E40360): 2
LogDevObjectVersion:   Dev-Networking (A4E4105C-59A1-49B5-A7C5-40C4547EDFEE): 0
LogDevObjectVersion:   Dev-Online (39C831C9-5AE6-47DC-9A44-9C173E1C8E7C): 0
LogDevObjectVersion:   Dev-Physics (78F01B33-EBEA-4F98-B9B4-84EACCB95AA2): 4
LogDevObjectVersion:   Dev-Platform (6631380F-2D4D-43E0-8009-CF276956A95A): 0
LogDevObjectVersion:   Dev-Rendering (12F88B9F-8875-4AFC-A67C-D90C383ABD29): 43
LogDevObjectVersion:   Dev-Sequencer (7B5AE74C-D270-4C10-A958-57980B212A5A): 12
LogDevObjectVersion:   Dev-VR (D7296918-1DD6-4BDD-9DE2-64A83CC13884): 3
LogDevObjectVersion:   Dev-LoadTimes (C2A15278-BFE7-4AFE-6C17-90FF531DF755): 1
LogDevObjectVersion:   Private-Geometry (6EACA3D4-40EC-4CC1-B786-8BED09428FC5): 3
LogDevObjectVersion:   Dev-AnimPhys (29E575DD-E0A3-4627-9D10-D276232CDCEA): 17
LogDevObjectVersion:   Dev-Anim (AF43A65D-7FD3-4947-9873-3E8ED9C1BB05): 7
LogDevObjectVersion:   Dev-ReflectionCapture (6B266CEC-1EC7-4B8F-A30B-E4D90942FC07): 1
LogDevObjectVersion:   Dev-Automation (0DF73D61-A23F-47EA-B727-89E90C41499A): 1
LogDevObjectVersion:   FortniteMain (601D1886-AC64-4F84-AA16-D3DE0DEAC7D6): 31
LogDevObjectVersion:   Dev-Enterprise (9DFFBCD6-494F-0158-E221-12823C92A888): 10
LogDevObjectVersion:   Dev-Niagara (F2AED0AC-9AFE-416F-8664-AA7FFA26D6FC): 1
LogDevObjectVersion:   Dev-Destruction (174F1F0B-B4C6-45A5-B13F-2EE8D0FB917D): 10
LogDevObjectVersion:   Dev-Physics-Ext (35F94A83-E258-406C-A318-09F59610247C): 37
LogDevObjectVersion:   Dev-PhysicsMaterial-Chaos (B68FC16E-8B1B-42E2-B453-215C058844FE): 1
LogDevObjectVersion:   Dev-CineCamera (B2E18506-4273-CFC2-A54E-F4BB758BBA07): 1
LogInit: Presizing for max 25165824 objects, including 0 objects not considered by GC, pre-allocating 0 bytes for permanent pool.
LogConfig: Applying CVar settings from Section [/Script/Engine.StreamingSettings] File [C:/Users/zfoy/Documents/GitHub/rooftops/Saved/Config/Windows/Engine.ini]
LogConfig: Setting CVar [[s.MinBulkDataSizeForAsyncLoading:131072]]
LogConfig: Setting CVar [[s.AsyncLoadingThreadEnabled:0]]
LogConfig: Setting CVar [[s.EventDrivenLoaderEnabled:1]]
LogConfig: Setting CVar [[s.WarnIfTimeLimitExceeded:0]]
LogConfig: Setting CVar [[s.TimeLimitExceededMultiplier:1.5]]
LogConfig: Setting CVar [[s.TimeLimitExceededMinTime:0.005]]
LogConfig: Setting CVar [[s.UseBackgroundLevelStreaming:1]]
LogConfig: Setting CVar [[s.PriorityAsyncLoadingExtraTime:15.0]]
LogConfig: Setting CVar [[s.LevelStreamingActorsUpdateTimeLimit:5.0]]
LogConfig: Setting CVar [[s.PriorityLevelStreamingActorsUpdateExtraTime:5.0]]
LogConfig: Setting CVar [[s.LevelStreamingComponentsRegistrationGranularity:10]]
LogConfig: Setting CVar [[s.UnregisterComponentsTimeLimit:1.0]]
LogConfig: Setting CVar [[s.LevelStreamingComponentsUnregistrationGranularity:5]]
LogConfig: Setting CVar [[s.FlushStreamingOnExit:1]]
LogInit: Object subsystem initialized
LogConfig: Setting CVar [[con.DebugEarlyDefault:1]]
LogConfig: Setting CVar [[r.setres:1280x720]]
[2021.03.15-19.35.12:353][  0]LogConfig: Setting CVar [[r.VSync:0]]
[2021.03.15-19.35.12:353][  0]LogConfig: Setting CVar [[r.RHICmdBypass:0]]
[2021.03.15-19.35.12:353][  0]LogConfig: Applying CVar settings from Section [/Script/Engine.RendererSettings] File [C:/Users/zfoy/Documents/GitHub/rooftops/Saved/Config/Windows/Engine.ini]
[2021.03.15-19.35.12:353][  0]LogConfig: Setting CVar [[r.GPUCrashDebugging:0]]
[2021.03.15-19.35.12:353][  0]LogConfig: Applying CVar settings from Section [/Script/Engine.RendererOverrideSettings] File [C:/Users/zfoy/Documents/GitHub/rooftops/Saved/Config/Windows/Engine.ini]
[2021.03.15-19.35.12:353][  0]LogConfig: Applying CVar settings from Section [/Script/Engine.StreamingSettings] File [C:/Users/zfoy/Documents/GitHub/rooftops/Saved/Config/Windows/Engine.ini]
[2021.03.15-19.35.12:353][  0]LogConfig: Setting CVar [[s.MinBulkDataSizeForAsyncLoading:131072]]
[2021.03.15-19.35.12:353][  0]LogConfig: Setting CVar [[s.AsyncLoadingThreadEnabled:0]]
[2021.03.15-19.35.12:353][  0]LogConfig: Setting CVar [[s.EventDrivenLoaderEnabled:1]]
[2021.03.15-19.35.12:353][  0]LogConfig: Setting CVar [[s.WarnIfTimeLimitExceeded:0]]
[2021.03.15-19.35.12:353][  0]LogConfig: Setting CVar [[s.TimeLimitExceededMultiplier:1.5]]
[2021.03.15-19.35.12:353][  0]LogConfig: Setting CVar [[s.TimeLimitExceededMinTime:0.005]]
[2021.03.15-19.35.12:353][  0]LogConfig: Setting CVar [[s.UseBackgroundLevelStreaming:1]]
[2021.03.15-19.35.12:353][  0]LogConfig: Setting CVar [[s.PriorityAsyncLoadingExtraTime:15.0]]
[2021.03.15-19.35.12:353][  0]LogConfig: Setting CVar [[s.LevelStreamingActorsUpdateTimeLimit:5.0]]
[2021.03.15-19.35.12:353][  0]LogConfig: Setting CVar [[s.PriorityLevelStreamingActorsUpdateExtraTime:5.0]]
[2021.03.15-19.35.12:353][  0]LogConfig: Setting CVar [[s.LevelStreamingComponentsRegistrationGranularity:10]]
[2021.03.15-19.35.12:353][  0]LogConfig: Setting CVar [[s.UnregisterComponentsTimeLimit:1.0]]
[2021.03.15-19.35.12:353][  0]LogConfig: Setting CVar [[s.LevelStreamingComponentsUnregistrationGranularity:5]]
[2021.03.15-19.35.12:353][  0]LogConfig: Setting CVar [[s.FlushStreamingOnExit:1]]
[2021.03.15-19.35.12:353][  0]LogConfig: Applying CVar settings from Section [/Script/Engine.GarbageCollectionSettings] File [C:/Users/zfoy/Documents/GitHub/rooftops/Saved/Config/Windows/Engine.ini]
[2021.03.15-19.35.12:353][  0]LogConfig: Setting CVar [[gc.MaxObjectsNotConsideredByGC:1]]
[2021.03.15-19.35.12:353][  0]LogConfig: Setting CVar [[gc.SizeOfPermanentObjectPool:0]]
[2021.03.15-19.35.12:353][  0]LogConfig: Setting CVar [[gc.FlushStreamingOnGC:0]]
[2021.03.15-19.35.12:353][  0]LogConfig: Setting CVar [[gc.NumRetriesBeforeForcingGC:10]]
[2021.03.15-19.35.12:353][  0]LogConfig: Setting CVar [[gc.AllowParallelGC:1]]
[2021.03.15-19.35.12:353][  0]LogConfig: Setting CVar [[gc.TimeBetweenPurgingPendingKillObjects:61.1]]
[2021.03.15-19.35.12:353][  0]LogConfig: Setting CVar [[gc.MaxObjectsInEditor:25165824]]
[2021.03.15-19.35.12:353][  0]LogConfig: Setting CVar [[gc.IncrementalBeginDestroyEnabled:1]]
[2021.03.15-19.35.12:353][  0]LogConfig: Setting CVar [[gc.CreateGCClusters:1]]
[2021.03.15-19.35.12:353][  0]LogConfig: Setting CVar [[gc.MinGCClusterSize:5]]
[2021.03.15-19.35.12:353][  0]LogConfig: Setting CVar [[gc.ActorClusteringEnabled:0]]
[2021.03.15-19.35.12:353][  0]LogConfig: Setting CVar [[gc.BlueprintClusteringEnabled:0]]
[2021.03.15-19.35.12:353][  0]LogConfig: Setting CVar [[gc.UseDisregardForGCOnDedicatedServers:0]]
[2021.03.15-19.35.12:353][  0]LogConfig: Applying CVar settings from Section [/Script/Engine.NetworkSettings] File [C:/Users/zfoy/Documents/GitHub/rooftops/Saved/Config/Windows/Engine.ini]
[2021.03.15-19.35.12:353][  0]LogConfig: Applying CVar settings from Section [/Script/UnrealEd.CookerSettings] File [C:/Users/zfoy/Documents/GitHub/rooftops/Saved/Config/Windows/Engine.ini]
[2021.03.15-19.35.12:355][  0]LogConfig: Applying CVar settings from Section [ViewDistanceQuality@3] File [C:/Users/zfoy/Documents/GitHub/rooftops/Saved/Config/Windows/Scalability.ini]
[2021.03.15-19.35.12:355][  0]LogConfig: Setting CVar [[r.SkeletalMeshLODBias:0]]
[2021.03.15-19.35.12:355][  0]LogConfig: Setting CVar [[r.ViewDistanceScale:1.0]]
[2021.03.15-19.35.12:355][  0]LogConfig: Applying CVar settings from Section [AntiAliasingQuality@3] File [C:/Users/zfoy/Documents/GitHub/rooftops/Saved/Config/Windows/Scalability.ini]
[2021.03.15-19.35.12:355][  0]LogConfig: Setting CVar [[r.PostProcessAAQuality:4]]
[2021.03.15-19.35.12:355][  0]LogConfig: Applying CVar settings from Section [ShadowQuality@3] File [C:/Users/zfoy/Documents/GitHub/rooftops/Saved/Config/Windows/Scalability.ini]
[2021.03.15-19.35.12:355][  0]LogConfig: Setting CVar [[r.LightFunctionQuality:1]]
[2021.03.15-19.35.12:355][  0]LogConfig: Setting CVar [[r.ShadowQuality:5]]
[2021.03.15-19.35.12:355][  0]LogConfig: Setting CVar [[r.Shadow.CSM.MaxCascades:10]]
[2021.03.15-19.35.12:355][  0]LogConfig: Setting CVar [[r.Shadow.MaxResolution:2048]]
[2021.03.15-19.35.12:355][  0]LogConfig: Setting CVar [[r.Shadow.MaxCSMResolution:2048]]
[2021.03.15-19.35.12:355][  0]LogConfig: Setting CVar [[r.Shadow.RadiusThreshold:0.01]]
[2021.03.15-19.35.12:355][  0]LogConfig: Setting CVar [[r.Shadow.DistanceScale:1.0]]
[2021.03.15-19.35.12:355][  0]LogConfig: Setting CVar [[r.Shadow.CSM.TransitionScale:1.0]]
[2021.03.15-19.35.12:355][  0]LogConfig: Setting CVar [[r.Shadow.PreShadowResolutionFactor:1.0]]
[2021.03.15-19.35.12:355][  0]LogConfig: Setting CVar [[r.DistanceFieldShadowing:1]]
[2021.03.15-19.35.12:355][  0]LogConfig: Setting CVar [[r.DistanceFieldAO:1]]
[2021.03.15-19.35.12:355][  0]LogConfig: Setting CVar [[r.AOQuality:2]]
[2021.03.15-19.35.12:355][  0]LogConfig: Setting CVar [[r.VolumetricFog:1]]
[2021.03.15-19.35.12:355][  0]LogConfig: Setting CVar [[r.VolumetricFog.GridPixelSize:8]]
[2021.03.15-19.35.12:355][  0]LogConfig: Setting CVar [[r.VolumetricFog.GridSizeZ:128]]
[2021.03.15-19.35.12:355][  0]LogConfig: Setting CVar [[r.VolumetricFog.HistoryMissSupersampleCount:4]]
[2021.03.15-19.35.12:355][  0]LogConfig: Setting CVar [[r.LightMaxDrawDistanceScale:1]]
[2021.03.15-19.35.12:355][  0]LogConfig: Setting CVar [[r.CapsuleShadows:1]]
[2021.03.15-19.35.12:355][  0]LogConfig: Applying CVar settings from Section [PostProcessQuality@3] File [C:/Users/zfoy/Documents/GitHub/rooftops/Saved/Config/Windows/Scalability.ini]
[2021.03.15-19.35.12:355][  0]LogConfig: Setting CVar [[r.MotionBlurQuality:4]]
[2021.03.15-19.35.12:355][  0]LogConfig: Setting CVar [[r.AmbientOcclusionMipLevelFactor:0.4]]
[2021.03.15-19.35.12:355][  0]LogConfig: Setting CVar [[r.AmbientOcclusionMaxQuality:100]]
[2021.03.15-19.35.12:355][  0]LogConfig: Setting CVar [[r.AmbientOcclusionLevels:-1]]
[2021.03.15-19.35.12:355][  0]LogConfig: Setting CVar [[r.AmbientOcclusionRadiusScale:1.0]]
[2021.03.15-19.35.12:355][  0]LogConfig: Setting CVar [[r.DepthOfFieldQuality:2]]
[2021.03.15-19.35.12:355][  0]LogConfig: Setting CVar [[r.RenderTargetPoolMin:400]]
[2021.03.15-19.35.12:355][  0]LogConfig: Setting CVar [[r.LensFlareQuality:2]]
[2021.03.15-19.35.12:355][  0]LogConfig: Setting CVar [[r.SceneColorFringeQuality:1]]
[2021.03.15-19.35.12:355][  0]LogConfig: Setting CVar [[r.EyeAdaptationQuality:2]]
[2021.03.15-19.35.12:356][  0]LogConfig: Setting CVar [[r.BloomQuality:5]]
[2021.03.15-19.35.12:356][  0]LogConfig: Setting CVar [[r.FastBlurThreshold:100]]
[2021.03.15-19.35.12:356][  0]LogConfig: Setting CVar [[r.Upscale.Quality:3]]
[2021.03.15-19.35.12:356][  0]LogConfig: Setting CVar [[r.Tonemapper.GrainQuantization:1]]
[2021.03.15-19.35.12:356][  0]LogConfig: Setting CVar [[r.LightShaftQuality:1]]
[2021.03.15-19.35.12:356][  0]LogConfig: Setting CVar [[r.Filter.SizeScale:1]]
[2021.03.15-19.35.12:356][  0]LogConfig: Setting CVar [[r.Tonemapper.Quality:5]]
[2021.03.15-19.35.12:356][  0]LogConfig: Setting CVar [[r.DOF.Gather.AccumulatorQuality:1        ; higher gathering accumulator quality]]
[2021.03.15-19.35.12:356][  0]LogConfig: Setting CVar [[r.DOF.Gather.PostfilterMethod:1          ; Median3x3 postfilering method]]
[2021.03.15-19.35.12:356][  0]LogConfig: Setting CVar [[r.DOF.Gather.EnableBokehSettings:0       ; no bokeh simulation when gathering]]
[2021.03.15-19.35.12:356][  0]LogConfig: Setting CVar [[r.DOF.Gather.RingCount:4                 ; medium number of samples when gathering]]
[2021.03.15-19.35.12:356][  0]LogConfig: Setting CVar [[r.DOF.Scatter.ForegroundCompositing:1    ; additive foreground scattering]]
[2021.03.15-19.35.12:356][  0]LogConfig: Setting CVar [[r.DOF.Scatter.BackgroundCompositing:2    ; additive background scattering]]
[2021.03.15-19.35.12:356][  0]LogConfig: Setting CVar [[r.DOF.Scatter.EnableBokehSettings:1      ; bokeh simulation when scattering]]
[2021.03.15-19.35.12:356][  0]LogConfig: Setting CVar [[r.DOF.Scatter.MaxSpriteRatio:0.1         ; only a maximum of 10% of scattered bokeh]]
[2021.03.15-19.35.12:356][  0]LogConfig: Setting CVar [[r.DOF.Recombine.Quality:1                ; cheap slight out of focus]]
[2021.03.15-19.35.12:356][  0]LogConfig: Setting CVar [[r.DOF.Recombine.EnableBokehSettings:0    ; no bokeh simulation on slight out of focus]]
[2021.03.15-19.35.12:356][  0]LogConfig: Setting CVar [[r.DOF.TemporalAAQuality:1                ; more stable temporal accumulation]]
[2021.03.15-19.35.12:356][  0]LogConfig: Setting CVar [[r.DOF.Kernel.MaxForegroundRadius:0.025]]
[2021.03.15-19.35.12:356][  0]LogConfig: Setting CVar [[r.DOF.Kernel.MaxBackgroundRadius:0.025]]
[2021.03.15-19.35.12:356][  0]LogConfig: Applying CVar settings from Section [TextureQuality@3] File [C:/Users/zfoy/Documents/GitHub/rooftops/Saved/Config/Windows/Scalability.ini]
[2021.03.15-19.35.12:356][  0]LogConfig: Setting CVar [[r.Streaming.MipBias:0]]
[2021.03.15-19.35.12:356][  0]LogConfig: Setting CVar [[r.Streaming.AmortizeCPUToGPUCopy:0]]
[2021.03.15-19.35.12:356][  0]LogConfig: Setting CVar [[r.Streaming.MaxNumTexturesToStreamPerFrame:0]]
[2021.03.15-19.35.12:356][  0]LogConfig: Setting CVar [[r.Streaming.Boost:1]]
[2021.03.15-19.35.12:356][  0]LogConfig: Setting CVar [[r.MaxAnisotropy:8]]
[2021.03.15-19.35.12:356][  0]LogConfig: Setting CVar [[r.VT.MaxAnisotropy:8]]
[2021.03.15-19.35.12:356][  0]LogConfig: Setting CVar [[r.Streaming.LimitPoolSizeToVRAM:0]]
[2021.03.15-19.35.12:356][  0]LogConfig: Setting CVar [[r.Streaming.PoolSize:1000]]
[2021.03.15-19.35.12:356][  0]LogConfig: Setting CVar [[r.Streaming.MaxEffectiveScreenSize:0]]
[2021.03.15-19.35.12:356][  0]LogConfig: Applying CVar settings from Section [EffectsQuality@3] File [C:/Users/zfoy/Documents/GitHub/rooftops/Saved/Config/Windows/Scalability.ini]
[2021.03.15-19.35.12:356][  0]LogConfig: Setting CVar [[r.TranslucencyLightingVolumeDim:64]]
[2021.03.15-19.35.12:356][  0]LogConfig: Setting CVar [[r.RefractionQuality:2]]
[2021.03.15-19.35.12:356][  0]LogConfig: Setting CVar [[r.SSR.Quality:3]]
[2021.03.15-19.35.12:356][  0]LogConfig: Setting CVar [[r.SSR.HalfResSceneColor:0]]
[2021.03.15-19.35.12:356][  0]LogConfig: Setting CVar [[r.SceneColorFormat:4]]
[2021.03.15-19.35.12:356][  0]LogConfig: Setting CVar [[r.DetailMode:2]]
[2021.03.15-19.35.12:356][  0]LogConfig: Setting CVar [[r.TranslucencyVolumeBlur:1]]
[2021.03.15-19.35.12:356][  0]LogConfig: Setting CVar [[r.MaterialQualityLevel:1 ; High quality]]
[2021.03.15-19.35.12:356][  0]LogConfig: Setting CVar [[r.SSS.Scale:1]]
[2021.03.15-19.35.12:356][  0]LogConfig: Setting CVar [[r.SSS.SampleSet:2]]
[2021.03.15-19.35.12:356][  0]LogConfig: Setting CVar [[r.SSS.Quality:1]]
[2021.03.15-19.35.12:356][  0]LogConfig: Setting CVar [[r.SSS.HalfRes:0]]
[2021.03.15-19.35.12:356][  0]LogConfig: Setting CVar [[r.SSGI.Quality:3]]
[2021.03.15-19.35.12:356][  0]LogConfig: Setting CVar [[r.EmitterSpawnRateScale:1.0]]
[2021.03.15-19.35.12:356][  0]LogConfig: Setting CVar [[r.ParticleLightQuality:2]]
[2021.03.15-19.35.12:356][  0]LogConfig: Setting CVar [[r.SkyAtmosphere.AerialPerspectiveLUT.FastApplyOnOpaque:1 ; Always have FastSkyLUT 1 in this case to avoid wrong sky]]
[2021.03.15-19.35.12:356][  0]LogConfig: Setting CVar [[r.SkyAtmosphere.AerialPerspectiveLUT.SampleCountPerSlice:1]]
[2021.03.15-19.35.12:356][  0]LogConfig: Setting CVar [[r.SkyAtmosphere.AerialPerspectiveLUT.DepthResolution:16.0]]
[2021.03.15-19.35.12:356][  0]LogConfig: Setting CVar [[r.SkyAtmosphere.FastSkyLUT:1]]
[2021.03.15-19.35.12:356][  0]LogConfig: Setting CVar [[r.SkyAtmosphere.FastSkyLUT.SampleCountMin:4.0]]
[2021.03.15-19.35.12:356][  0]LogConfig: Setting CVar [[r.SkyAtmosphere.FastSkyLUT.SampleCountMax:32.0]]
[2021.03.15-19.35.12:356][  0]LogConfig: Setting CVar [[r.SkyAtmosphere.SampleCountMin:4.0]]
[2021.03.15-19.35.12:356][  0]LogConfig: Setting CVar [[r.SkyAtmosphere.SampleCountMax:32.0]]
[2021.03.15-19.35.12:356][  0]LogConfig: Setting CVar [[r.SkyAtmosphere.TransmittanceLUT.UseSmallFormat:0]]
[2021.03.15-19.35.12:356][  0]LogConfig: Setting CVar [[r.SkyAtmosphere.TransmittanceLUT.SampleCount:10.0]]
[2021.03.15-19.35.12:356][  0]LogConfig: Setting CVar [[r.SkyAtmosphere.MultiScatteringLUT.SampleCount:15.0]]
[2021.03.15-19.35.12:356][  0]LogConfig: Applying CVar settings from Section [FoliageQuality@3] File [C:/Users/zfoy/Documents/GitHub/rooftops/Saved/Config/Windows/Scalability.ini]
[2021.03.15-19.35.12:356][  0]LogConfig: Setting CVar [[foliage.DensityScale:1.0]]
[2021.03.15-19.35.12:356][  0]LogConfig: Setting CVar [[grass.DensityScale:1.0]]
[2021.03.15-19.35.12:356][  0]LogConfig: Applying CVar settings from Section [ShadingQuality@3] File [C:/Users/zfoy/Documents/GitHub/rooftops/Saved/Config/Windows/Scalability.ini]
[2021.03.15-19.35.12:356][  0]LogConfig: Setting CVar [[r.HairStrands.SkyLighting.SampleCount:16]]
[2021.03.15-19.35.12:356][  0]LogConfig: Setting CVar [[r.HairStrands.SkyLighting.JitterIntegration:0]]
[2021.03.15-19.35.12:356][  0]LogConfig: Setting CVar [[r.HairStrands.SkyAO.SampleCount:16]]
[2021.03.15-19.35.12:356][  0]LogConfig: Setting CVar [[r.HairStrands.DeepShadow.SuperSampling:0]]
[2021.03.15-19.35.12:356][  0]LogConfig: Setting CVar [[r.HairStrands.VisibilityPPLL:0]]
[2021.03.15-19.35.12:356][  0]LogConfig: Setting CVar [[r.HairStrands.RasterizationScale:0.5]]
[2021.03.15-19.35.12:356][  0]LogConfig: Setting CVar [[r.HairStrands.VelocityRasterizationScale:1]]
[2021.03.15-19.35.12:356][  0]LogInit: Selected Device Profile: [Windows]
[2021.03.15-19.35.12:356][  0]LogInit: Applying CVar settings loaded from the selected device profile: [Windows]
[2021.03.15-19.35.12:356][  0]LogHAL: Display: Platform has ~ 32 GB [34301571072 / 34359738368 / 32], which maps to Largest [LargestMinGB=32, LargerMinGB=12, DefaultMinGB=8, SmallerMinGB=6, SmallestMinGB=0)
[2021.03.15-19.35.12:356][  0]LogInit: Going up to parent DeviceProfile []
[2021.03.15-19.35.12:356][  0]LogConfig: Applying CVar settings from Section [ViewDistanceQuality@3] File [C:/Users/zfoy/Documents/GitHub/rooftops/Saved/Config/Windows/Scalability.ini]
[2021.03.15-19.35.12:356][  0]LogConfig: Setting CVar [[r.SkeletalMeshLODBias:0]]
[2021.03.15-19.35.12:357][  0]LogConfig: Setting CVar [[r.ViewDistanceScale:1.0]]
[2021.03.15-19.35.12:357][  0]LogConfig: Applying CVar settings from Section [AntiAliasingQuality@3] File [C:/Users/zfoy/Documents/GitHub/rooftops/Saved/Config/Windows/Scalability.ini]
[2021.03.15-19.35.12:357][  0]LogConfig: Setting CVar [[r.PostProcessAAQuality:4]]
[2021.03.15-19.35.12:357][  0]LogConfig: Applying CVar settings from Section [ShadowQuality@3] File [C:/Users/zfoy/Documents/GitHub/rooftops/Saved/Config/Windows/Scalability.ini]
[2021.03.15-19.35.12:357][  0]LogConfig: Setting CVar [[r.LightFunctionQuality:1]]
[2021.03.15-19.35.12:357][  0]LogConfig: Setting CVar [[r.ShadowQuality:5]]
[2021.03.15-19.35.12:357][  0]LogConfig: Setting CVar [[r.Shadow.CSM.MaxCascades:10]]
[2021.03.15-19.35.12:357][  0]LogConfig: Setting CVar [[r.Shadow.MaxResolution:2048]]
[2021.03.15-19.35.12:357][  0]LogConfig: Setting CVar [[r.Shadow.MaxCSMResolution:2048]]
[2021.03.15-19.35.12:357][  0]LogConfig: Setting CVar [[r.Shadow.RadiusThreshold:0.01]]
[2021.03.15-19.35.12:357][  0]LogConfig: Setting CVar [[r.Shadow.DistanceScale:1.0]]
[2021.03.15-19.35.12:357][  0]LogConfig: Setting CVar [[r.Shadow.CSM.TransitionScale:1.0]]
[2021.03.15-19.35.12:357][  0]LogConfig: Setting CVar [[r.Shadow.PreShadowResolutionFactor:1.0]]
[2021.03.15-19.35.12:357][  0]LogConfig: Setting CVar [[r.DistanceFieldShadowing:1]]
[2021.03.15-19.35.12:357][  0]LogConfig: Setting CVar [[r.DistanceFieldAO:1]]
[2021.03.15-19.35.12:357][  0]LogConfig: Setting CVar [[r.AOQuality:2]]
[2021.03.15-19.35.12:357][  0]LogConfig: Setting CVar [[r.VolumetricFog:1]]
[2021.03.15-19.35.12:357][  0]LogConfig: Setting CVar [[r.VolumetricFog.GridPixelSize:8]]
[2021.03.15-19.35.12:357][  0]LogConfig: Setting CVar [[r.VolumetricFog.GridSizeZ:128]]
[2021.03.15-19.35.12:357][  0]LogConfig: Setting CVar [[r.VolumetricFog.HistoryMissSupersampleCount:4]]
[2021.03.15-19.35.12:357][  0]LogConfig: Setting CVar [[r.LightMaxDrawDistanceScale:1]]
[2021.03.15-19.35.12:357][  0]LogConfig: Setting CVar [[r.CapsuleShadows:1]]
[2021.03.15-19.35.12:357][  0]LogConfig: Applying CVar settings from Section [PostProcessQuality@3] File [C:/Users/zfoy/Documents/GitHub/rooftops/Saved/Config/Windows/Scalability.ini]
[2021.03.15-19.35.12:357][  0]LogConfig: Setting CVar [[r.MotionBlurQuality:4]]
[2021.03.15-19.35.12:357][  0]LogConfig: Setting CVar [[r.AmbientOcclusionMipLevelFactor:0.4]]
[2021.03.15-19.35.12:357][  0]LogConfig: Setting CVar [[r.AmbientOcclusionMaxQuality:100]]
[2021.03.15-19.35.12:357][  0]LogConfig: Setting CVar [[r.AmbientOcclusionLevels:-1]]
[2021.03.15-19.35.12:357][  0]LogConfig: Setting CVar [[r.AmbientOcclusionRadiusScale:1.0]]
[2021.03.15-19.35.12:357][  0]LogConfig: Setting CVar [[r.DepthOfFieldQuality:2]]
[2021.03.15-19.35.12:357][  0]LogConfig: Setting CVar [[r.RenderTargetPoolMin:400]]
[2021.03.15-19.35.12:357][  0]LogConfig: Setting CVar [[r.LensFlareQuality:2]]
[2021.03.15-19.35.12:357][  0]LogConfig: Setting CVar [[r.SceneColorFringeQuality:1]]
[2021.03.15-19.35.12:357][  0]LogConfig: Setting CVar [[r.EyeAdaptationQuality:2]]
[2021.03.15-19.35.12:357][  0]LogConfig: Setting CVar [[r.BloomQuality:5]]
[2021.03.15-19.35.12:357][  0]LogConfig: Setting CVar [[r.FastBlurThreshold:100]]
[2021.03.15-19.35.12:357][  0]LogConfig: Setting CVar [[r.Upscale.Quality:3]]
[2021.03.15-19.35.12:357][  0]LogConfig: Setting CVar [[r.Tonemapper.GrainQuantization:1]]
[2021.03.15-19.35.12:357][  0]LogConfig: Setting CVar [[r.LightShaftQuality:1]]
[2021.03.15-19.35.12:357][  0]LogConfig: Setting CVar [[r.Filter.SizeScale:1]]
[2021.03.15-19.35.12:357][  0]LogConfig: Setting CVar [[r.Tonemapper.Quality:5]]
[2021.03.15-19.35.12:357][  0]LogConfig: Setting CVar [[r.DOF.Gather.AccumulatorQuality:1        ; higher gathering accumulator quality]]
[2021.03.15-19.35.12:357][  0]LogConfig: Setting CVar [[r.DOF.Gather.PostfilterMethod:1          ; Median3x3 postfilering method]]
[2021.03.15-19.35.12:357][  0]LogConfig: Setting CVar [[r.DOF.Gather.EnableBokehSettings:0       ; no bokeh simulation when gathering]]
[2021.03.15-19.35.12:357][  0]LogConfig: Setting CVar [[r.DOF.Gather.RingCount:4                 ; medium number of samples when gathering]]
[2021.03.15-19.35.12:357][  0]LogConfig: Setting CVar [[r.DOF.Scatter.ForegroundCompositing:1    ; additive foreground scattering]]
[2021.03.15-19.35.12:357][  0]LogConfig: Setting CVar [[r.DOF.Scatter.BackgroundCompositing:2    ; additive background scattering]]
[2021.03.15-19.35.12:357][  0]LogConfig: Setting CVar [[r.DOF.Scatter.EnableBokehSettings:1      ; bokeh simulation when scattering]]
[2021.03.15-19.35.12:357][  0]LogConfig: Setting CVar [[r.DOF.Scatter.MaxSpriteRatio:0.1         ; only a maximum of 10% of scattered bokeh]]
[2021.03.15-19.35.12:357][  0]LogConfig: Setting CVar [[r.DOF.Recombine.Quality:1                ; cheap slight out of focus]]
[2021.03.15-19.35.12:357][  0]LogConfig: Setting CVar [[r.DOF.Recombine.EnableBokehSettings:0    ; no bokeh simulation on slight out of focus]]
[2021.03.15-19.35.12:357][  0]LogConfig: Setting CVar [[r.DOF.TemporalAAQuality:1                ; more stable temporal accumulation]]
[2021.03.15-19.35.12:357][  0]LogConfig: Setting CVar [[r.DOF.Kernel.MaxForegroundRadius:0.025]]
[2021.03.15-19.35.12:357][  0]LogConfig: Setting CVar [[r.DOF.Kernel.MaxBackgroundRadius:0.025]]
[2021.03.15-19.35.12:357][  0]LogConfig: Applying CVar settings from Section [TextureQuality@3] File [C:/Users/zfoy/Documents/GitHub/rooftops/Saved/Config/Windows/Scalability.ini]
[2021.03.15-19.35.12:357][  0]LogConfig: Setting CVar [[r.Streaming.MipBias:0]]
[2021.03.15-19.35.12:357][  0]LogConfig: Setting CVar [[r.Streaming.AmortizeCPUToGPUCopy:0]]
[2021.03.15-19.35.12:357][  0]LogConfig: Setting CVar [[r.Streaming.MaxNumTexturesToStreamPerFrame:0]]
[2021.03.15-19.35.12:357][  0]LogConfig: Setting CVar [[r.Streaming.Boost:1]]
[2021.03.15-19.35.12:357][  0]LogConfig: Setting CVar [[r.MaxAnisotropy:8]]
[2021.03.15-19.35.12:357][  0]LogConfig: Setting CVar [[r.VT.MaxAnisotropy:8]]
[2021.03.15-19.35.12:357][  0]LogConfig: Setting CVar [[r.Streaming.LimitPoolSizeToVRAM:0]]
[2021.03.15-19.35.12:357][  0]LogConfig: Setting CVar [[r.Streaming.PoolSize:1000]]
[2021.03.15-19.35.12:357][  0]LogConfig: Setting CVar [[r.Streaming.MaxEffectiveScreenSize:0]]
[2021.03.15-19.35.12:357][  0]LogConfig: Applying CVar settings from Section [EffectsQuality@3] File [C:/Users/zfoy/Documents/GitHub/rooftops/Saved/Config/Windows/Scalability.ini]
[2021.03.15-19.35.12:357][  0]LogConfig: Setting CVar [[r.TranslucencyLightingVolumeDim:64]]
[2021.03.15-19.35.12:357][  0]LogConfig: Setting CVar [[r.RefractionQuality:2]]
[2021.03.15-19.35.12:357][  0]LogConfig: Setting CVar [[r.SSR.Quality:3]]
[2021.03.15-19.35.12:357][  0]LogConfig: Setting CVar [[r.SSR.HalfResSceneColor:0]]
[2021.03.15-19.35.12:357][  0]LogConfig: Setting CVar [[r.SceneColorFormat:4]]
[2021.03.15-19.35.12:357][  0]LogConfig: Setting CVar [[r.DetailMode:2]]
[2021.03.15-19.35.12:357][  0]LogConfig: Setting CVar [[r.TranslucencyVolumeBlur:1]]
[2021.03.15-19.35.12:357][  0]LogConfig: Setting CVar [[r.MaterialQualityLevel:1 ; High quality]]
[2021.03.15-19.35.12:357][  0]LogConfig: Setting CVar [[r.SSS.Scale:1]]
[2021.03.15-19.35.12:357][  0]LogConfig: Setting CVar [[r.SSS.SampleSet:2]]
[2021.03.15-19.35.12:357][  0]LogConfig: Setting CVar [[r.SSS.Quality:1]]
[2021.03.15-19.35.12:357][  0]LogConfig: Setting CVar [[r.SSS.HalfRes:0]]
[2021.03.15-19.35.12:357][  0]LogConfig: Setting CVar [[r.SSGI.Quality:3]]
[2021.03.15-19.35.12:357][  0]LogConfig: Setting CVar [[r.EmitterSpawnRateScale:1.0]]
[2021.03.15-19.35.12:357][  0]LogConfig: Setting CVar [[r.ParticleLightQuality:2]]
[2021.03.15-19.35.12:357][  0]LogConfig: Setting CVar [[r.SkyAtmosphere.AerialPerspectiveLUT.FastApplyOnOpaque:1 ; Always have FastSkyLUT 1 in this case to avoid wrong sky]]
[2021.03.15-19.35.12:357][  0]LogConfig: Setting CVar [[r.SkyAtmosphere.AerialPerspectiveLUT.SampleCountPerSlice:1]]
[2021.03.15-19.35.12:357][  0]LogConfig: Setting CVar [[r.SkyAtmosphere.AerialPerspectiveLUT.DepthResolution:16.0]]
[2021.03.15-19.35.12:357][  0]LogConfig: Setting CVar [[r.SkyAtmosphere.FastSkyLUT:1]]
[2021.03.15-19.35.12:357][  0]LogConfig: Setting CVar [[r.SkyAtmosphere.FastSkyLUT.SampleCountMin:4.0]]
[2021.03.15-19.35.12:357][  0]LogConfig: Setting CVar [[r.SkyAtmosphere.FastSkyLUT.SampleCountMax:32.0]]
[2021.03.15-19.35.12:357][  0]LogConfig: Setting CVar [[r.SkyAtmosphere.SampleCountMin:4.0]]
[2021.03.15-19.35.12:357][  0]LogConfig: Setting CVar [[r.SkyAtmosphere.SampleCountMax:32.0]]
[2021.03.15-19.35.12:357][  0]LogConfig: Setting CVar [[r.SkyAtmosphere.TransmittanceLUT.UseSmallFormat:0]]
[2021.03.15-19.35.12:357][  0]LogConfig: Setting CVar [[r.SkyAtmosphere.TransmittanceLUT.SampleCount:10.0]]
[2021.03.15-19.35.12:357][  0]LogConfig: Setting CVar [[r.SkyAtmosphere.MultiScatteringLUT.SampleCount:15.0]]
[2021.03.15-19.35.12:358][  0]LogConfig: Applying CVar settings from Section [FoliageQuality@3] File [C:/Users/zfoy/Documents/GitHub/rooftops/Saved/Config/Windows/Scalability.ini]
[2021.03.15-19.35.12:358][  0]LogConfig: Setting CVar [[foliage.DensityScale:1.0]]
[2021.03.15-19.35.12:358][  0]LogConfig: Setting CVar [[grass.DensityScale:1.0]]
[2021.03.15-19.35.12:358][  0]LogConfig: Applying CVar settings from Section [ShadingQuality@3] File [C:/Users/zfoy/Documents/GitHub/rooftops/Saved/Config/Windows/Scalability.ini]
[2021.03.15-19.35.12:358][  0]LogConfig: Setting CVar [[r.HairStrands.SkyLighting.SampleCount:16]]
[2021.03.15-19.35.12:358][  0]LogConfig: Setting CVar [[r.HairStrands.SkyLighting.JitterIntegration:0]]
[2021.03.15-19.35.12:358][  0]LogConfig: Setting CVar [[r.HairStrands.SkyAO.SampleCount:16]]
[2021.03.15-19.35.12:358][  0]LogConfig: Setting CVar [[r.HairStrands.DeepShadow.SuperSampling:0]]
[2021.03.15-19.35.12:358][  0]LogConfig: Setting CVar [[r.HairStrands.VisibilityPPLL:0]]
[2021.03.15-19.35.12:358][  0]LogConfig: Setting CVar [[r.HairStrands.RasterizationScale:0.5]]
[2021.03.15-19.35.12:358][  0]LogConfig: Setting CVar [[r.HairStrands.VelocityRasterizationScale:1]]
[2021.03.15-19.35.12:358][  0]LogConfig: Applying CVar settings from Section [Startup] File [../../../Engine/Config/ConsoleVariables.ini]
[2021.03.15-19.35.12:369][  0]LogConfig: Setting CVar [[net.UseAdaptiveNetUpdateFrequency:0]]
[2021.03.15-19.35.12:369][  0]LogConfig: Setting CVar [[p.chaos.AllowCreatePhysxBodies:1]]
[2021.03.15-19.35.12:369][  0]LogConfig: Setting CVar [[fx.SkipVectorVMBackendOptimizations:1]]
[2021.03.15-19.35.12:369][  0]LogConfig: Applying CVar settings from Section [ConsoleVariables] File [C:/Users/zfoy/Documents/GitHub/rooftops/Saved/Config/Windows/Engine.ini]
[2021.03.15-19.35.12:369][  0]LogInit: Computer: NQSCGL-MSI-05
[2021.03.15-19.35.12:369][  0]LogInit: User: zfoy
[2021.03.15-19.35.12:369][  0]LogInit: CPU Page size=4096, Cores=4
[2021.03.15-19.35.12:369][  0]LogInit: High frequency timer resolution =10.000000 MHz
[2021.03.15-19.35.12:370][  0]LogMemory: Memory total: Physical=31.9GB (32GB approx)
[2021.03.15-19.35.12:370][  0]LogMemory: Platform Memory Stats for Windows
[2021.03.15-19.35.12:370][  0]LogMemory: Process Physical Memory: 116.91 MB used, 116.91 MB peak
[2021.03.15-19.35.12:370][  0]LogMemory: Process Virtual Memory: 95.97 MB used, 95.97 MB peak
[2021.03.15-19.35.12:370][  0]LogMemory: Physical Memory: 6010.88 MB used,  26701.65 MB free, 32712.53 MB total
[2021.03.15-19.35.12:370][  0]LogMemory: Virtual Memory: 5143.66 MB used,  134212584.00 MB free, 134217728.00 MB total
[2021.03.15-19.35.12:373][  0]LogWindows: WindowsPlatformFeatures enabled
[2021.03.15-19.35.13:149][  0]LogInit: Physics initialised using underlying interface: PhysX
[2021.03.15-19.35.13:150][  0]LogInit: Using OS detected language (en-US).
[2021.03.15-19.35.13:150][  0]LogInit: Using OS detected locale (en-US).
[2021.03.15-19.35.13:217][  0]LogTextLocalizationManager: No specific localization for 'en-US' exists, so the 'en' localization will be used.
[2021.03.15-19.35.13:753][  0]LogInit: Setting process to per monitor DPI aware
[2021.03.15-19.35.14:091][  0]LogSlate: New Slate User Created.  User Index 0, Is Virtual User: 0
[2021.03.15-19.35.14:091][  0]LogSlate: Slate User Registered.  User Index 0, Is Virtual User: 0
[2021.03.15-19.35.16:996][  0]LogHMD: Failed to initialize OpenVR with code 110
[2021.03.15-19.35.16:996][  0]LogD3D11RHI: D3D11 min allowed feature level: 11_0
[2021.03.15-19.35.16:996][  0]LogD3D11RHI: D3D11 max allowed feature level: 11_0
[2021.03.15-19.35.16:996][  0]LogD3D11RHI: D3D11 adapters:
[2021.03.15-19.35.17:136][  0]LogD3D11RHI:    0. 'NVIDIA GeForce GTX 1070' (Feature Level 11_0)
[2021.03.15-19.35.17:136][  0]LogD3D11RHI:       8088/0/16356 MB DedicatedVideo/DedicatedSystem/SharedSystem, Outputs:1, VendorId:0x10de
[2021.03.15-19.35.17:138][  0]LogD3D11RHI:    1. 'Microsoft Basic Render Driver' (Feature Level 11_0)
[2021.03.15-19.35.17:138][  0]LogD3D11RHI:       0/0/16356 MB DedicatedVideo/DedicatedSystem/SharedSystem, Outputs:0, VendorId:0x1414
[2021.03.15-19.35.17:138][  0]LogD3D11RHI: Chosen D3D11 Adapter: 0
[2021.03.15-19.35.17:145][  0]LogD3D11RHI: Creating new Direct3DDevice
[2021.03.15-19.35.17:146][  0]LogD3D11RHI:     GPU DeviceId: 0x1b81 (for the marketing name, search the web for "GPU Device Id")
[2021.03.15-19.35.17:146][  0]LogWindows: EnumDisplayDevices:
[2021.03.15-19.35.17:146][  0]LogWindows:    0. 'NVIDIA GeForce GTX 1070' (P:1 D:1)
[2021.03.15-19.35.17:146][  0]LogWindows:    1. 'NVIDIA GeForce GTX 1070' (P:0 D:0)
[2021.03.15-19.35.17:146][  0]LogWindows:    2. 'NVIDIA GeForce GTX 1070' (P:0 D:0)
[2021.03.15-19.35.17:146][  0]LogWindows:    3. 'NVIDIA GeForce GTX 1070' (P:0 D:0)
[2021.03.15-19.35.17:147][  0]LogWindows: DebugString: FoundDriverCount:4 
[2021.03.15-19.35.17:147][  0]LogD3D11RHI:     Adapter Name: NVIDIA GeForce GTX 1070
[2021.03.15-19.35.17:147][  0]LogD3D11RHI:   Driver Version: 451.67 (internal:27.21.14.5167, unified:451.67)
[2021.03.15-19.35.17:147][  0]LogD3D11RHI:      Driver Date: 7-5-2020
[2021.03.15-19.35.17:147][  0]LogRHI: Texture pool is 5661 MB (70% of 8088 MB)
[2021.03.15-19.35.17:209][  0]LogD3D11RHI: RHI has support for 64 bit atomics
[2021.03.15-19.35.17:227][  0]LogD3D11RHI: [Aftermath] Enabled and primed
[2021.03.15-19.35.17:227][  0]LogD3D11RHI: Async texture creation enabled
[2021.03.15-19.35.17:227][  0]LogD3D11RHI: Array index from any shader is supported
[2021.03.15-19.35.17:264][  0]LogD3D11RHI: GPU Timing Frequency: 1000.000000 (Debug: 2 1)
[2021.03.15-19.35.17:981][  0]LogTargetPlatformManager: Display: Loaded TargetPlatform 'AllDesktop'
[2021.03.15-19.35.18:080][  0]LogTargetPlatformManager: Display: Loaded TargetPlatform 'Android'
[2021.03.15-19.35.18:080][  0]LogTargetPlatformManager: Display: Loaded TargetPlatform 'Android_ASTC'
[2021.03.15-19.35.18:080][  0]LogTargetPlatformManager: Display: Loaded TargetPlatform 'Android_DXT'
[2021.03.15-19.35.18:080][  0]LogTargetPlatformManager: Display: Loaded TargetPlatform 'Android_ETC2'
[2021.03.15-19.35.18:080][  0]LogTargetPlatformManager: Display: Loaded TargetPlatform 'AndroidClient'
[2021.03.15-19.35.18:080][  0]LogTargetPlatformManager: Display: Loaded TargetPlatform 'Android_ASTCClient'
[2021.03.15-19.35.18:080][  0]LogTargetPlatformManager: Display: Loaded TargetPlatform 'Android_DXTClient'
[2021.03.15-19.35.18:080][  0]LogTargetPlatformManager: Display: Loaded TargetPlatform 'Android_ETC2Client'
[2021.03.15-19.35.18:080][  0]LogTargetPlatformManager: Display: Loaded TargetPlatform 'Android_Multi'
[2021.03.15-19.35.18:080][  0]LogTargetPlatformManager: Display: Loaded TargetPlatform 'Android_MultiClient'
[2021.03.15-19.35.18:205][  0]LogTargetPlatformManager: Display: Loaded TargetPlatform 'IOSClient'
[2021.03.15-19.35.18:205][  0]LogTargetPlatformManager: Display: Loaded TargetPlatform 'IOS'
[2021.03.15-19.35.18:248][  0]LogTargetPlatformManager: Display: Loaded TargetPlatform 'Linux'
[2021.03.15-19.35.18:269][  0]LogTargetPlatformManager: Display: Loaded TargetPlatform 'LinuxNoEditor'
[2021.03.15-19.35.18:327][  0]LogTargetPlatformManager: Display: Loaded TargetPlatform 'LinuxClient'
[2021.03.15-19.35.18:345][  0]LogTargetPlatformManager: Display: Loaded TargetPlatform 'LinuxServer'
[2021.03.15-19.35.18:367][  0]LogTargetPlatformManager: Display: Loaded TargetPlatform 'LinuxAArch64NoEditor'
[2021.03.15-19.35.18:391][  0]LogTargetPlatformManager: Display: Loaded TargetPlatform 'LinuxAArch64Client'
[2021.03.15-19.35.18:409][  0]LogTargetPlatformManager: Display: Loaded TargetPlatform 'LinuxAArch64Server'
[2021.03.15-19.35.18:452][  0]LogTargetPlatformManager: Display: Loaded TargetPlatform 'Lumin'
[2021.03.15-19.35.18:452][  0]LogTargetPlatformManager: Display: Loaded TargetPlatform 'LuminClient'
[2021.03.15-19.35.18:476][  0]LogTargetPlatformManager: Display: Loaded TargetPlatform 'TVOSClient'
[2021.03.15-19.35.18:476][  0]LogTargetPlatformManager: Display: Loaded TargetPlatform 'TVOS'
[2021.03.15-19.35.18:512][  0]LogTargetPlatformManager: Display: Loaded TargetPlatform 'WindowsNoEditor'
[2021.03.15-19.35.18:571][  0]LogTargetPlatformManager: Display: Loaded TargetPlatform 'Windows'
[2021.03.15-19.35.18:589][  0]LogTargetPlatformManager: Display: Loaded TargetPlatform 'WindowsClient'
[2021.03.15-19.35.18:615][  0]LogTargetPlatformManager: Display: Loaded TargetPlatform 'WindowsServer'
[2021.03.15-19.35.18:615][  0]LogTargetPlatformManager: Display: Building Assets For Windows
[2021.03.15-19.35.18:758][  0]LogAudioDebug: Display: Lib vorbis DLL was dynamically loaded.
[2021.03.15-19.35.19:487][  0]LogShaderCompilers: Guid format shader working directory is -9 characters bigger than the processId version (../../../../../../Users/zfoy/Documents/GitHub/rooftops/Intermediate/Shaders/WorkingDirectory/2588/).
[2021.03.15-19.35.19:487][  0]LogShaderCompilers: Cleaned the shader compiler working directory 'C:/Users/zfoy/AppData/Local/Temp/UnrealShaderWorkingDir/CC1D311248C96E5D6939C7831B9F1B50/'.
[2021.03.15-19.35.19:487][  0]LogXGEController: Cleaning working directory: C:/Users/zfoy/AppData/Local/Temp/UnrealXGEWorkingDir/
[2021.03.15-19.35.19:488][  0]LogXGEController: Cannot use XGE Controller as Incredibuild is not installed on this machine.
[2021.03.15-19.35.19:488][  0]LogShaderCompilers: Cannot use XGE Shader Compiler as Incredibuild is not installed on this machine.
[2021.03.15-19.35.19:488][  0]LogShaderCompilers: Display: Using Local Shader Compiler.
[2021.03.15-19.35.23:587][  0]LogDerivedDataCache: Display: Max Cache Size: 512 MB
[2021.03.15-19.35.23:587][  0]LogDerivedDataCache: Display: Starting with empty Boot cache
[2021.03.15-19.35.23:587][  0]LogDerivedDataCache: FDerivedDataBackendGraph:  Pak pak cache file ../../../../../../Users/zfoy/Documents/GitHub/rooftops/DerivedDataCache/DDC.ddp not found, will not use a pak cache.
[2021.03.15-19.35.23:587][  0]LogDerivedDataCache: Unable to find inner node Pak for hierarchical cache Hierarchy.
[2021.03.15-19.35.23:588][  0]LogDerivedDataCache: FDerivedDataBackendGraph:  CompressedPak pak cache file ../../../../../../Users/zfoy/Documents/GitHub/rooftops/DerivedDataCache/Compressed.ddp not found, will not use a pak cache.
[2021.03.15-19.35.23:588][  0]LogDerivedDataCache: Unable to find inner node CompressedPak for hierarchical cache Hierarchy.
[2021.03.15-19.35.23:657][  0]LogDerivedDataCache: Display: Pak cache opened for reading ../../../Engine/DerivedDataCache/Compressed.ddp.
[2021.03.15-19.35.23:657][  0]LogDerivedDataCache: FDerivedDataBackendGraph:  EnterprisePak pak cache file ../../../Enterprise/DerivedDataCache/Compressed.ddp not found, will not use a pak cache.
[2021.03.15-19.35.23:657][  0]LogDerivedDataCache: Unable to find inner node EnterprisePak for hierarchical cache Hierarchy.
[2021.03.15-19.35.23:659][  0]LogDerivedDataCache: Using Local data cache path C:/Users/zfoy/AppData/Local/UnrealEngine/Common/DerivedDataCache: Writable
[2021.03.15-19.35.23:659][  0]LogDerivedDataCache: Shared data cache path not found in *engine.ini, will not use an Shared cache.
[2021.03.15-19.35.23:659][  0]LogDerivedDataCache: Unable to find inner node Shared for hierarchical cache Hierarchy.
[2021.03.15-19.35.24:707][  0]LogSlate: Using FreeType 2.10.0
[2021.03.15-19.35.24:896][  0]LogSlate: SlateFontServices - WITH_FREETYPE: 1, WITH_HARFBUZZ: 1
[2021.03.15-19.35.25:930][  0]LogAssetRegistry: FAssetRegistry took 0.0025 seconds to start up
[2021.03.15-19.35.26:196][  0]LogInit: Selected Device Profile: [Windows]
[2021.03.15-19.35.28:713][  0]LogMeshReduction: Using QuadricMeshReduction for automatic static mesh reduction
[2021.03.15-19.35.28:713][  0]LogMeshReduction: Using SimplygonMeshReduction for automatic skeletal mesh reduction
[2021.03.15-19.35.28:713][  0]LogMeshReduction: Using ProxyLODMeshReduction for automatic mesh merging
[2021.03.15-19.35.28:713][  0]LogMeshReduction: No distributed automatic mesh merging module available
[2021.03.15-19.35.28:713][  0]LogMeshMerging: No distributed automatic mesh merging module available
[2021.03.15-19.35.29:058][  0]LogNetVersion: rooftops 1.0.0, NetCL: 13144385, EngineNetVer: 14, GameNetVer: 0 (Checksum: 537433548)
[2021.03.15-19.35.43:623][  0]LogAISub: UAISubsystem::UAISubsystem AISubsystem (00000265F0847A00), frame # 0
[2021.03.15-19.35.43:623][  0]LogAISub: UAISubsystem::UAISubsystem AIPerceptionSystem (00000265F08651C0), frame # 0
[2021.03.15-19.35.43:624][  0]LogAISub: UAISubsystem::UAISubsystem EnvQueryManager (00000265EFA4B000), frame # 0
[2021.03.15-19.35.43:701][  0]LogPackageLocalizationCache: Processed 19 localized package path(s) for 1 prioritized culture(s) in 0.049346 seconds
[2021.03.15-19.35.43:706][  0]LogUObjectArray: 15917 objects as part of root set at end of initial load.
[2021.03.15-19.35.43:706][  0]LogUObjectAllocator: 3965568 out of 0 bytes used by permanent object pool.
[2021.03.15-19.35.43:706][  0]LogUObjectArray: CloseDisregardForGC: 0/0 objects in disregard for GC pool
[2021.03.15-19.35.52:054][  0]LogTcpMessaging: Initializing TcpMessaging bridge
[2021.03.15-19.35.52:099][  0]LogUdpMessaging: Initializing bridge on interface 0.0.0.0:0 to multicast group 230.0.0.1:6666.
[2021.03.15-19.35.52:836][  0]SourceControl: Source control is disabled
[2021.03.15-19.35.52:837][  0]SourceControl: Source control is disabled
[2021.03.15-19.35.53:038][  0]SourceControl: Source control is disabled
[2021.03.15-19.35.53:165][  0]SourceControl: Source control is disabled
[2021.03.15-19.35.53:344][  0]SourceControl: Source control is disabled
[2021.03.15-19.35.53:592][  0]LogVSAccessor: Display: Unable to create Visual Studio setup instance: 80040154
[2021.03.15-19.35.53:592][  0]LogVSAccessor: Display: Unable to create Visual Studio setup instance: 80040154
[2021.03.15-19.35.59:137][  0]LogAndroidPermission: UAndroidPermissionCallbackProxy::GetInstance
[2021.03.15-19.35.59:371][  0]LogAudioCaptureCore: Display: No Audio Capture implementations found. Audio input will be silent.
[2021.03.15-19.35.59:371][  0]LogAudioCaptureCore: Display: No Audio Capture implementations found. Audio input will be silent.
[2021.03.15-19.35.59:859][  0]LogOcInput: OculusInput pre-init called
[2021.03.15-19.36.00:028][  0]LogWindows: Failed to load 'OVRPlugin.dll' (GetLastError=126)
[2021.03.15-19.36.00:028][  0]LogWindows: File 'OVRPlugin.dll' does not exist
[2021.03.15-19.36.00:598][  0]LogEngine: Initializing Engine...
[2021.03.15-19.36.00:599][  0]LogHMD: Failed to initialize OpenVR with code 110
[2021.03.15-19.36.00:599][  0]LogMagicLeap: Warning: VR disabled because ZI is not enabled.  To enable, in the editor, Edit -> Project Settings -> Plugins -> Magic Leap Plugin -> Enable Zero Iteration
[2021.03.15-19.36.00:599][  0]LogStats: UGameplayTagsManager::InitializeManager -  0.000 s
[2021.03.15-19.36.01:599][  0]LogInit: Initializing FReadOnlyCVARCache
[2021.03.15-19.36.01:757][  0]LogAIModule: Creating AISystem for world Untitled
[2021.03.15-19.36.01:757][  0]LogAISub: UAISubsystem::UAISubsystem EnvQueryManager (00000265F438DC00), frame # 0
[2021.03.15-19.36.01:757][  0]LogAISub: UAISubsystem::UAISubsystem AIPerceptionSystem (00000265F43D5D00), frame # 0
[2021.03.15-19.36.01:779][  0]LogAudioMixer: Display: Audio Mixer Platform Settings:
[2021.03.15-19.36.01:779][  0]LogAudioMixer: Display: 	Sample Rate:						  48000
[2021.03.15-19.36.01:779][  0]LogAudioMixer: Display: 	Callback Buffer Frame Size Requested: 1024
[2021.03.15-19.36.01:779][  0]LogAudioMixer: Display: 	Callback Buffer Frame Size To Use:	  1024
[2021.03.15-19.36.01:779][  0]LogAudioMixer: Display: 	Number of buffers to queue:			  2
[2021.03.15-19.36.01:779][  0]LogAudioMixer: Display: 	Max Channels (voices):				  32
[2021.03.15-19.36.01:779][  0]LogAudioMixer: Display: 	Number of Async Source Workers:		  0
[2021.03.15-19.36.01:779][  0]LogAudio: Display: AudioDevice MaxSources: 32
[2021.03.15-19.36.01:779][  0]LogAudio: Display: Using built-in audio occlusion.
[2021.03.15-19.36.01:779][  0]LogAudioMixer: Display: Initializing audio mixer.
[2021.03.15-19.36.02:023][  0]LogAudioMixer: Display: 0: FrontLeft
[2021.03.15-19.36.02:023][  0]LogAudioMixer: Display: 1: FrontRight
[2021.03.15-19.36.02:064][  0]LogAudioMixer: Display: Using Audio Device Speakers (2- USB Audio Device)
[2021.03.15-19.36.02:064][  0]LogAudioMixer: Display: Initializing Sound Submixes...
[2021.03.15-19.36.02:067][  0]LogAudioMixer: Display: Creating Master Submix 'MasterSubmixDefault'
[2021.03.15-19.36.02:067][  0]LogAudioMixer: Display: Creating Master Submix 'MasterReverbSubmixDefault'
[2021.03.15-19.36.02:067][  0]LogAudioMixer: Display: Creating Master Submix 'MasterEQSubmixDefault'
[2021.03.15-19.36.02:068][  0]LogInit: FAudioDevice initialized.
[2021.03.15-19.36.02:069][  0]LogNetVersion: Set ProjectVersion to 1.0.0.0. Version Checksum will be recalculated on next use.
[2021.03.15-19.36.02:848][  0]LogDerivedDataCache: Saved boot cache 0.78s 77MB C:/Users/zfoy/AppData/Local/UnrealEngine/4.25/DerivedDataCache/Boot.ddc.
[2021.03.15-19.36.02:852][  0]LogInit: Texture streaming: Enabled
[2021.03.15-19.36.03:206][  0]LogEngineSessionManager: EngineSessionManager initialized
[2021.03.15-19.36.03:206][  0]LogEditorSessionSummary: Verbose: Initializing EditorSessionSummaryWriter for editor session tracking
[2021.03.15-19.36.03:207][  0]LogEditorSessionSummary: EditorSessionSummaryWriter initialized
[2021.03.15-19.36.03:752][  0]LogInit: Transaction tracking system initialized
[2021.03.15-19.36.04:284][  0]BlueprintLog: New page: Editor Load
[2021.03.15-19.36.06:261][  0]LocalizationService: Localization service is disabled
[2021.03.15-19.36.08:076][  0]LogVSAccessor: Display: Unable to create Visual Studio setup instance: 80040154
[2021.03.15-19.36.08:077][  0]LogVSAccessor: Display: Unable to create Visual Studio setup instance: 80040154
[2021.03.15-19.36.08:738][  0]LogCook: Display: Max memory allowance for cook 16384mb min free memory 0mb
[2021.03.15-19.36.08:738][  0]LogCook: Display: Mobile HDR setting 1
[2021.03.15-19.36.09:201][  0]LogFileCache: Scanning file cache for directory 'C:/Users/zfoy/Documents/GitHub/rooftops/Content/' took 0.46s
[2021.03.15-19.36.13:137][  0]SourceControl: Source control is disabled
[2021.03.15-19.36.13:137][  0]LogUnrealEdMisc: Loading editor; pre map load, took 69.719
[2021.03.15-19.36.13:137][  0]Cmd: MAP LOAD FILE="../../../../../../Users/zfoy/Documents/GitHub/rooftops/Content/FirstPersonBP/Maps/FirstPersonExampleMap.umap" TEMPLATE=0 SHOWPROGRESS=1 FEATURELEVEL=3
[2021.03.15-19.36.13:141][  0]LightingResults: New page: Lighting Build
[2021.03.15-19.36.13:142][  0]LogWorld: UWorld::CleanupWorld for Untitled, bSessionEnded=true, bCleanupResources=true
[2021.03.15-19.36.13:142][  0]LogSlate: InvalidateAllWidgets triggered.  All widgets were invalidated
[2021.03.15-19.36.13:142][  0]MapCheck: New page: Map Check
[2021.03.15-19.36.13:142][  0]LightingResults: New page: Lighting Build
[2021.03.15-19.36.13:229][  0]LogAISub: UAISubsystem::~UAISubsystem EnvQueryManager (00000265F438DC00), frame # 0
[2021.03.15-19.36.13:229][  0]LogAISub: UAISubsystem::~UAISubsystem AIPerceptionSystem (00000265F43D5D00), frame # 0
[2021.03.15-19.36.13:229][  0]LogUObjectHash: Compacting FUObjectHashTables data took   0.54ms
[2021.03.15-19.36.14:764][  0]LogTexture: Display: Building textures: HQ_Lightmap0_6 (AutoDXT, 64X64)
[2021.03.15-19.36.14:764][  0]LogTexture: Display: Building textures: HQ_Lightmap0_3 (AutoDXT, 128X128)
[2021.03.15-19.36.14:765][  0]LogTexture: Display: Building textures: HQ_Lightmap1_2 (AutoDXT, 128X128)
[2021.03.15-19.36.14:765][  0]LogTexture: Display: Building textures: HQ_Lightmap0_5 (AutoDXT, 256X256)
[2021.03.15-19.36.14:765][  0]LogTexture: Display: Building textures: HQ_Lightmap0_4 (AutoDXT, 512X512)
[2021.03.15-19.36.14:765][  0]LogTexture: Display: Building textures: HQ_Lightmap1_1 (AutoDXT, 1024X1024)
[2021.03.15-19.36.14:765][  0]LogTexture: Display: Building textures: LQ_Lightmap_0_3 (DXT1, 128X128)
[2021.03.15-19.36.14:765][  0]LogTexture: Display: Building textures: LQ_Lightmap_0_6 (DXT1, 64X64)
[2021.03.15-19.36.14:765][  0]LogTexture: Display: Building textures: LQ_Lightmap_0_4 (DXT1, 512X512)
[2021.03.15-19.36.14:765][  0]LogTexture: Display: Building textures: LQ_Lightmap_1_1 (DXT1, 1024X1024)
[2021.03.15-19.36.14:765][  0]LogTexture: Display: Building textures: LQ_Lightmap_1_2 (DXT1, 128X128)
[2021.03.15-19.36.14:765][  0]LogTexture: Display: Building textures: SkyOcclusion0_3 (AutoDXT, 128X64)
[2021.03.15-19.36.14:765][  0]LogTexture: Display: Building textures: LQ_Lightmap_0_5 (DXT1, 256X256)
[2021.03.15-19.36.14:765][  0]LogTexture: Display: Building textures: SkyOcclusion0_6 (AutoDXT, 64X32)
[2021.03.15-19.36.14:765][  0]LogTexture: Display: Building textures: SkyOcclusion0_5 (AutoDXT, 256X128)
[2021.03.15-19.36.14:765][  0]LogTexture: Display: Building textures: SkyOcclusion0_4 (AutoDXT, 512X256)
[2021.03.15-19.36.14:765][  0]LogTexture: Display: Building textures: SkyOcclusion1_1 (AutoDXT, 1024X512)
[2021.03.15-19.36.14:765][  0]LogTexture: Display: Building textures: SkyOcclusion1_2 (AutoDXT, 128X64)
[2021.03.15-19.36.14:765][  0]LogTexture: Display: Building textures: ShadowMapTexture2D_3 (G8, 1024X64)
[2021.03.15-19.36.14:765][  0]LogTexture: Display: Building textures: ShadowMapTexture2D_2 (G8, 1024X512)
[2021.03.15-19.36.14:765][  0]LogTexture: Display: Building textures: ShadowMapTexture2D_5 (G8, 64X64)
[2021.03.15-19.36.14:765][  0]LogTexture: Display: Building textures: ShadowMapTexture2D_4 (G8, 64X64)
[2021.03.15-19.36.14:765][  0]LogTexture: Display: Building textures: ShadowMapTexture2D_7 (G8, 256X64)
[2021.03.15-19.36.14:765][  0]LogTexture: Display: Building textures: ShadowMapTexture2D_6 (G8, 1024X64)
[2021.03.15-19.36.14:765][  0]LogTexture: Display: Building textures: ShadowMapTexture2D_8 (G8, 32X32)
[2021.03.15-19.36.14:774][  0]LogAIModule: Creating AISystem for world FirstPersonExampleMap
[2021.03.15-19.36.14:774][  0]LogAISub: UAISubsystem::UAISubsystem EnvQueryManager (0000026581E70E00), frame # 0
[2021.03.15-19.36.14:774][  0]LogAISub: UAISubsystem::UAISubsystem AIPerceptionSystem (0000026581E26AC0), frame # 0
[2021.03.15-19.36.14:922][  0]LogEditorServer: Finished looking for orphan Actors (0.000 secs)
[2021.03.15-19.36.14:952][  0]LogUObjectHash: Compacting FUObjectHashTables data took   0.78ms
[2021.03.15-19.36.14:955][  0]Cmd: MAP CHECKDEP NOCLEARLOG
[2021.03.15-19.36.14:955][  0]MapCheck: Map check complete: 0 Error(s), 0 Warning(s), took 0.121ms to complete.
[2021.03.15-19.36.14:955][  0]LogFileHelpers: Loading map 'FirstPersonExampleMap' took 1.819
[2021.03.15-19.36.14:957][  0]LogUnrealEdMisc: Total Editor Startup Time, took 71.540
[2021.03.15-19.36.15:244][  0]LogSlate: Updating window title bar state: overlay mode, drag disabled, window buttons hidden, title bar hidden
[2021.03.15-19.36.15:252][  0]LogSlate: Updating window title bar state: overlay mode, drag disabled, window buttons hidden, title bar hidden
[2021.03.15-19.36.15:258][  0]LogSlate: Updating window title bar state: overlay mode, drag disabled, window buttons hidden, title bar hidden
[2021.03.15-19.36.15:266][  0]LogSlate: Updating window title bar state: overlay mode, drag disabled, window buttons hidden, title bar hidden
[2021.03.15-19.36.15:308][  0]LogCollectionManager: Loaded 0 collections in 0.001824 seconds
[2021.03.15-19.36.15:354][  0]LogFileCache: Scanning file cache for directory 'C:/Users/zfoy/Documents/GitHub/rooftops/Saved/Collections/' took 0.00s
[2021.03.15-19.36.15:354][  0]LogFileCache: Scanning file cache for directory 'C:/Users/zfoy/Documents/GitHub/rooftops/Content/Developers/zfoy/Collections/' took 0.00s
[2021.03.15-19.36.15:354][  0]LogFileCache: Scanning file cache for directory 'C:/Users/zfoy/Documents/GitHub/rooftops/Content/Collections/' took 0.00s
[2021.03.15-19.36.15:354][  0]LogContentBrowser: Native class hierarchy populated in 0.0089 seconds. Added 3427 classes and 821 folders.
[2021.03.15-19.36.15:356][  0]LogContentBrowser: Native class hierarchy updated for 'WidgetCarousel' in 0.0002 seconds. Added 0 classes and 0 folders.
[2021.03.15-19.36.17:310][  0]LogContentBrowser: Native class hierarchy updated for 'AddContentDialog' in 0.0002 seconds. Added 0 classes and 0 folders.
[2021.03.15-19.36.17:311][  0]LogContentBrowser: Native class hierarchy updated for 'SceneOutliner' in 0.0002 seconds. Added 2 classes and 0 folders.
[2021.03.15-19.36.17:403][  0]LogSlate: Took 0.054936 seconds to synchronously load lazily loaded font '../../../Engine/Content/Slate/Fonts/Roboto-Regular.ttf' (155K)
[2021.03.15-19.36.17:535][  0]LogSlate: Took 0.131130 seconds to synchronously load lazily loaded font '../../../Engine/Content/Slate/Fonts/Roboto-Bold.ttf' (160K)
[2021.03.15-19.36.17:616][  0]LogSlate: Took 0.077205 seconds to synchronously load lazily loaded font '../../../Engine/Content/Editor/Slate/Fonts/FontAwesome.ttf' (139K)
[2021.03.15-19.36.17:916][  0]LogRenderer: Reallocating scene render targets to support 1056x556 Format 10 NumSamples 1 (Frame:1).
[2021.03.15-19.36.18:474][  0]LogSlate: Window 'Tutorials' being destroyed
[2021.03.15-19.36.18:672][  0]LogContentBrowser: Native class hierarchy updated for 'HierarchicalLODOutliner' in 0.0002 seconds. Added 0 classes and 0 folders.
[2021.03.15-19.36.18:672][  0]LogLoad: (Engine Initialization) Total time: 75.25 seconds
[2021.03.15-19.36.18:672][  0]LogLoad: (Engine Initialization) Total Blueprint compile time: 0.00 seconds
[2021.03.15-19.36.18:700][  0]LogContentStreaming: Texture pool size now 1000 MB
[2021.03.15-19.36.19:000][  0]LogSlate: Took 0.026627 seconds to synchronously load lazily loaded font '../../../Engine/Content/Slate/Fonts/Roboto-Light.ttf' (167K)
[2021.03.15-19.36.28:811][141]LogAssetRegistry: Asset discovery search completed in 62.8844 seconds
[2021.03.15-19.36.28:814][141]LogCollectionManager: Fixed up redirectors for 0 collections in 0.000004 seconds (updated 0 objects)
[2021.03.15-19.36.48:907][549]LogEditorViewport: Clicking on Actor (LMB): text_C (text)
[2021.03.15-19.36.50:289][693]Cmd: DELETE
[2021.03.15-19.36.50:289][693]Cmd: ACTOR DELETE
[2021.03.15-19.36.50:296][693]LogEditorActor: Deleted Actor: text_C
[2021.03.15-19.36.50:304][693]LogUObjectHash: Compacting FUObjectHashTables data took   0.61ms
[2021.03.15-19.36.50:306][693]LogEditorActor: Deleted 1 Actors (0.017 secs)
[2021.03.15-19.36.52:268][906]LogUObjectHash: Compacting FUObjectHashTables data took   0.21ms
[2021.03.15-19.36.53:376][906]LogSlate: Window 'Save Content' being destroyed
[2021.03.15-19.36.53:384][906]LogSlate: Took 0.000136 seconds to synchronously load lazily loaded font '../../../Engine/Content/Slate/Fonts/Roboto-Light.ttf' (167K)
[2021.03.15-19.36.53:408][906]LogUObjectHash: Compacting FUObjectHashTables data took   0.27ms
[2021.03.15-19.36.53:461][906]LogSavePackage: Moving '../../../../../../Users/zfoy/Documents/GitHub/rooftops/Saved/FirstPersonExampleMapA42D2E194CFD09DEFD58B4B5EF8D1954.tmp' to '../../../../../../Users/zfoy/Documents/GitHub/rooftops/Content/FirstPersonBP/Maps/FirstPersonExampleMap.umap'
[2021.03.15-19.36.53:488][906]LogFileHelpers: Saving map 'FirstPersonExampleMap' took 0.089
[2021.03.15-19.36.53:647][906]LogSavePackage: Moving '../../../../../../Users/zfoy/Documents/GitHub/rooftops/Saved/FirstPersonExampleMap_BuiltDataA24909604ED72B089E36D2BDFBC9E863.tmp' to '../../../../../../Users/zfoy/Documents/GitHub/rooftops/Content/FirstPersonBP/Maps/FirstPersonExampleMap_BuiltData.uasset'
[2021.03.15-19.36.53:660][906]AssetCheck: New page: Asset Save: multiple assets
[2021.03.15-19.36.53:660][906]LogContentValidation: Display: Validating World /Game/FirstPersonBP/Maps/FirstPersonExampleMap.FirstPersonExampleMap
[2021.03.15-19.36.53:660][906]LogContentValidation: Display: Validating MapBuildDataRegistry /Game/FirstPersonBP/Maps/FirstPersonExampleMap_BuiltData.FirstPersonExampleMap_BuiltData
[2021.03.15-19.36.57:716][391]LogEditorViewport: Clicking on Actor (LMB): StaticMeshActor (Cube3)
[2021.03.15-19.37.00:534][701]LogEditorViewport: Clicking on Actor (LMB): StaticMeshActor (Cube2)
[2021.03.15-19.37.01:126][758]LogEditorViewport: Clicking on Actor (LMB): StaticMeshActor (Cube2)
[2021.03.15-19.37.01:495][801]LogEditorViewport: Clicking on Actor (LMB): StaticMeshActor (Cube3)
[2021.03.15-19.37.02:050][864]LogEditorViewport: Clicking on Actor (LMB): StaticMeshActor (Cube18)
[2021.03.15-19.37.04:093][ 90]LogUObjectHash: Compacting FUObjectHashTables data took   0.47ms
[2021.03.15-19.37.05:271][221]LogUObjectHash: Compacting FUObjectHashTables data took   0.26ms
[2021.03.15-19.37.12:097][ 19]LogEditorViewport: Clicking on Actor (LMB): StaticMeshActor (Cube11)
[2021.03.15-19.37.17:575][658]Cmd: TRANSACTION UNDO
[2021.03.15-19.37.17:575][658]LogEditorTransaction: Undo Move Actors
[2021.03.15-19.37.18:616][737]LogEditorViewport: Clicking on Actor (LMB): StaticMeshActor (Cube47)
[2021.03.15-19.37.21:474][ 66]LogEditorViewport: Clicking on Actor (LMB): StaticMeshActor (Cube12)
[2021.03.15-19.37.29:608][994]LogEditorViewport: Clicking on Actor (LMB): StaticMeshActor (Cube10)
[2021.03.15-19.38.27:616][950]LogEditorViewport: Clicking on Actor (context menu): StaticMeshActor (Cube8)
[2021.03.15-19.38.28:707][ 74]LogEditorViewport: Clicking on Actor (LMB): StaticMeshActor (Cube8)
[2021.03.15-19.38.30:068][235]LogEditorViewport: Clicking on Actor (LMB): BP_Sky_Sphere_C (SkySphereBlueprint)
[2021.03.15-19.39.07:281][673]LogUObjectHash: Compacting FUObjectHashTables data took   0.26ms
[2021.03.15-19.39.08:646][673]LogSlate: Window 'Save Content' being destroyed
[2021.03.15-19.39.08:674][673]LogUObjectHash: Compacting FUObjectHashTables data took   0.19ms
[2021.03.15-19.39.08:720][673]LogSavePackage: Moving '../../../../../../Users/zfoy/Documents/GitHub/rooftops/Saved/FirstPersonExampleMapC5868E6940DC0255ACF67CB702ECAA66.tmp' to '../../../../../../Users/zfoy/Documents/GitHub/rooftops/Content/FirstPersonBP/Maps/FirstPersonExampleMap.umap'
[2021.03.15-19.39.08:745][673]LogFileHelpers: Saving map 'FirstPersonExampleMap' took 0.080
[2021.03.15-19.39.08:861][673]LogSavePackage: Moving '../../../../../../Users/zfoy/Documents/GitHub/rooftops/Saved/FirstPersonExampleMap_BuiltData441419E947A8D8635AE21BB834BBCFBF.tmp' to '../../../../../../Users/zfoy/Documents/GitHub/rooftops/Content/FirstPersonBP/Maps/FirstPersonExampleMap_BuiltData.uasset'
[2021.03.15-19.39.08:871][673]AssetCheck: New page: Asset Save: multiple assets
[2021.03.15-19.39.08:871][673]LogContentValidation: Display: Validating World /Game/FirstPersonBP/Maps/FirstPersonExampleMap.FirstPersonExampleMap
[2021.03.15-19.39.08:871][673]LogContentValidation: Display: Validating MapBuildDataRegistry /Game/FirstPersonBP/Maps/FirstPersonExampleMap_BuiltData.FirstPersonExampleMap_BuiltData
[2021.03.15-19.40.25:090][ 57]LogUObjectHash: Compacting FUObjectHashTables data took   0.33ms
[2021.03.15-19.40.25:153][ 57]LogSlate: Window 'rooftops - Unreal Editor' being destroyed
[2021.03.15-19.40.25:154][ 57]LogWindowsTextInputMethodSystem: Display: IME system now deactivated.
[2021.03.15-19.40.25:247][ 58]Cmd: QUIT_EDITOR
[2021.03.15-19.40.25:247][ 58]LogCore: Engine exit requested (reason: UUnrealEdEngine::CloseEditor())
[2021.03.15-19.40.25:254][ 58]LogCore: Engine exit requested (reason: EngineExit() was called; note: exit was already requested)
[2021.03.15-19.40.25:306][ 58]LogExit: Preparing to exit.
